d:\алгоритмізація\lab4_3\lab4_3\x64\debug\vc143.pdb
d:\алгоритмізація\lab4_3\lab4_3\x64\debug\vc143.idb
d:\алгоритмізація\lab4_3\lab4_3\x64\debug\money.obj
d:\алгоритмізація\lab4_3\lab4_3\x64\debug\lab4_3.obj
d:\алгоритмізація\lab4_3\lab4_3\x64\debug\bitstring.obj
d:\алгоритмізація\lab4_3\lab4_3\x64\debug\array.obj
d:\алгоритмізація\lab4_3\x64\debug\lab4_3.exe
d:\алгоритмізація\lab4_3\x64\debug\lab4_3.pdb
d:\алгоритмізація\lab4_3\lab4_3\x64\debug\lab4_3.res
d:\алгоритмізація\lab4_3\lab4_3\x64\debug\lab4_3.ilk
d:\алгоритмізація\lab4_3\lab4_3\x64\debug\lab4_3.tlog\cl.command.1.tlog
d:\алгоритмізація\lab4_3\lab4_3\x64\debug\lab4_3.tlog\cl.items.tlog
d:\алгоритмізація\lab4_3\lab4_3\x64\debug\lab4_3.tlog\cl.read.1.tlog
d:\алгоритмізація\lab4_3\lab4_3\x64\debug\lab4_3.tlog\cl.write.1.tlog
d:\алгоритмізація\lab4_3\lab4_3\x64\debug\lab4_3.tlog\link.command.1.tlog
d:\алгоритмізація\lab4_3\lab4_3\x64\debug\lab4_3.tlog\link.read.1.tlog
d:\алгоритмізація\lab4_3\lab4_3\x64\debug\lab4_3.tlog\link.secondary.1.tlog
d:\алгоритмізація\lab4_3\lab4_3\x64\debug\lab4_3.tlog\link.write.1.tlog
d:\алгоритмізація\lab4_3\lab4_3\x64\debug\lab4_3.tlog\rc.command.1.tlog
d:\алгоритмізація\lab4_3\lab4_3\x64\debug\lab4_3.tlog\rc.read.1.tlog
d:\алгоритмізація\lab4_3\lab4_3\x64\debug\lab4_3.tlog\rc.write.1.tlog
